2019-03-21 14:33:20.775  [main] INFO  c.harmonycloud.main.UserApplication Starting UserApplication on MacBook-Pro.local with PID 8349 (/Users/vicky/Documents/Cloud/cims/user/target/classes started by vicky in /Users/vicky/Documents/Cloud/cims/user) 
2019-03-21 14:33:20.778  [main] INFO  c.harmonycloud.main.UserApplication No active profile set, falling back to default profiles: default 
2019-03-21 14:33:21.819  [main] INFO  o.s.d.r.c.RepositoryConfigurationDelegate Bootstrapping Spring Data repositories in DEFAULT mode. 
2019-03-21 14:33:21.909  [main] INFO  o.s.d.r.c.RepositoryConfigurationDelegate Finished Spring Data repository scanning in 80ms. Found 4 repository interfaces. 
2019-03-21 14:33:22.448  [main] INFO  o.s.c.s.PostProcessorRegistrationDelegate$BeanPostProcessorChecker Bean 'org.springframework.transaction.annotation.ProxyTransactionManagementConfiguration' of type [org.springframework.transaction.annotation.ProxyTransactionManagementConfiguration$$EnhancerBySpringCGLIB$$3c0c179] is not eligible for getting processed by all BeanPostProcessors (for example: not eligible for auto-proxying) 
2019-03-21 14:33:22.770  [main] INFO  o.s.b.w.e.tomcat.TomcatWebServer Tomcat initialized with port(s): 8080 (http) 
2019-03-21 14:33:22.818  [main] INFO  o.a.catalina.core.StandardService Starting service [Tomcat] 
2019-03-21 14:33:22.819  [main] INFO  o.a.catalina.core.StandardEngine Starting Servlet engine: [Apache Tomcat/9.0.14] 
2019-03-21 14:33:22.825  [main] INFO  o.a.c.core.AprLifecycleListener The APR based Apache Tomcat Native library which allows optimal performance in production environments was not found on the java.library.path: [/Users/vicky/Library/Java/Extensions:/Library/Java/Extensions:/Network/Library/Java/Extensions:/System/Library/Java/Extensions:/usr/lib/java:.] 
2019-03-21 14:33:22.902  [main] INFO  o.a.c.c.C.[Tomcat].[localhost].[/] Initializing Spring embedded WebApplicationContext 
2019-03-21 14:33:22.902  [main] INFO  o.s.web.context.ContextLoader Root WebApplicationContext: initialization completed in 2050 ms 
2019-03-21 14:33:23.103  [main] INFO  com.zaxxer.hikari.HikariDataSource HikariPool-1 - Starting... 
2019-03-21 14:33:23.909  [main] INFO  com.zaxxer.hikari.HikariDataSource HikariPool-1 - Start completed. 
2019-03-21 14:33:24.054  [main] INFO  o.h.jpa.internal.util.LogHelper HHH000204: Processing PersistenceUnitInfo [
	name: default
	...] 
2019-03-21 14:33:24.111  [main] INFO  org.hibernate.Version HHH000412: Hibernate Core {5.3.7.Final} 
2019-03-21 14:33:24.112  [main] INFO  org.hibernate.cfg.Environment HHH000206: hibernate.properties not found 
2019-03-21 14:33:24.241  [main] INFO  o.h.annotations.common.Version HCANN000001: Hibernate Commons Annotations {5.0.4.Final} 
2019-03-21 14:33:24.362  [main] INFO  org.hibernate.dialect.Dialect HHH000400: Using dialect: org.hibernate.dialect.Oracle10gDialect 
2019-03-21 14:33:25.998  [main] INFO  o.s.o.j.LocalContainerEntityManagerFactoryBean Initialized JPA EntityManagerFactory for persistence unit 'default' 
2019-03-21 14:33:26.363  [main] INFO  o.h.h.i.QueryTranslatorFactoryInitiator HHH000397: Using ASTQueryTranslatorFactory 
2019-03-21 14:33:26.759  [main] WARN  o.s.b.a.o.j.JpaBaseConfiguration$JpaWebConfiguration$JpaWebMvcConfiguration spring.jpa.open-in-view is enabled by default. Therefore, database queries may be performed during view rendering. Explicitly configure spring.jpa.open-in-view to disable this warning 
2019-03-21 14:33:27.026  [main] INFO  s.d.s.w.PropertySourcedRequestMappingHandlerMapping Mapped URL path [/v2/api-docs] onto method [public org.springframework.http.ResponseEntity<springfox.documentation.spring.web.json.Json> springfox.documentation.swagger2.web.Swagger2Controller.getDocumentation(java.lang.String,javax.servlet.http.HttpServletRequest)] 
2019-03-21 14:33:27.162  [main] INFO  o.s.s.c.ThreadPoolTaskExecutor Initializing ExecutorService 'applicationTaskExecutor' 
2019-03-21 14:33:27.319  [main] INFO  s.d.s.w.p.DocumentationPluginsBootstrapper Context refreshed 
2019-03-21 14:33:27.343  [main] INFO  s.d.s.w.p.DocumentationPluginsBootstrapper Found 1 custom documentation plugin(s) 
2019-03-21 14:33:27.376  [main] INFO  s.d.s.w.s.ApiListingReferenceScanner Scanning for api listing references 
2019-03-21 14:33:27.624  [main] INFO  o.s.b.w.e.tomcat.TomcatWebServer Tomcat started on port(s): 8080 (http) with context path '' 
2019-03-21 14:33:27.630  [main] INFO  c.harmonycloud.main.UserApplication Started UserApplication in 7.462 seconds (JVM running for 8.795) 
2019-03-21 14:34:18.106  [Thread-21] INFO  o.s.s.c.ThreadPoolTaskExecutor Shutting down ExecutorService 'applicationTaskExecutor' 
2019-03-21 14:34:18.111  [Thread-21] INFO  o.s.o.j.LocalContainerEntityManagerFactoryBean Closing JPA EntityManagerFactory for persistence unit 'default' 
2019-03-21 14:34:18.116  [Thread-21] INFO  com.zaxxer.hikari.HikariDataSource HikariPool-1 - Shutdown initiated... 
2019-03-21 14:34:18.255  [Thread-21] INFO  com.zaxxer.hikari.HikariDataSource HikariPool-1 - Shutdown completed. 
